[2023-11-27T15:58:37.215Z]	<Simone_Ravaioli> agenda: https://lists.w3.org/Archives/Public/public-vc-edu/2023Nov/0004.html

[2023-11-27T15:58:37.215Z]	<Dmitri_Zagidulin>	present+
[2023-11-27T15:58:49.448Z]	<Dmitri_Zagidulin>	present+
[2023-11-27T15:59:50.983Z]	<Andy_Griebel>	present+
[2023-11-27T16:00:09.620Z]	<Stuart_Freeman>	present+
[2023-11-27T16:00:23.565Z]	<Ildiko_Mazar_(ELM)>	present+
[2023-11-27T16:00:25.567Z]	<Simone_Ravaioli>	present+
[2023-11-27T16:00:43.296Z]	<Sheela_Kiiskilä>	present+
[2023-11-27T16:01:14.653Z]	<Eric_Shepherd>	present+
[2023-11-27T16:01:19.617Z]	<Susan_Stroud>	present+
[2023-11-27T16:01:22.025Z]	<Laura_Paglione>	present+
[2023-11-27T16:01:42.713Z]	<Simone_Ravaioli>	Happy AfterGiving... to all our US friends !  :P
[2023-11-27T16:02:03.692Z]	<TimG>	present+
[2023-11-27T16:02:24.065Z]	<Keith_Hackett>	present+
[2023-11-27T16:02:29.967Z]	<Ildiko_Mazar_(ELM)>	And happy Monday to all.
[2023-11-27T16:03:18.377Z]	<Transcriber>	scribe+
[2023-11-27T16:03:18.378Z]	<Transcriber>	Meeting: education
[2023-11-27T16:03:35.765Z]	<Kerri_Lemoie>	present+
[2023-11-27T16:03:36.599Z]	<David>	present+
[2023-11-27T16:03:37.557Z]	<Mahesh_Balan_-_pocketcred.com>	present+
[2023-11-27T16:03:44.286Z]	<Kerri_Lemoie>	Hello all
[2023-11-27T16:03:55.945Z]	<Transcriber>	Dmitri_Zagidulin: Everybody anyone is free to join these calls but if you're going to make substantive contribution to the specifications you'll want to be a ccg member and sign the w3c IP agreement it's a general-purpose anti-patterns agreement let's see before we get started does anybody have any Community announcements.
[2023-11-27T16:04:25.899Z]	<Transcriber>	Dmitri_Zagidulin: As a side note we use the jitsi chat as a cue mechanism I feel to be added to the queue you can just raise your hands via the raise lower hand icon or type Q Plus so just the letter Q and The Sign Plus just like that just like slowly just didn't will calling you go ahead.
[2023-11-27T16:05:39.032Z]	<Kerri_Lemoie>	Please join us at ePIC!
[2023-11-27T16:05:55.225Z]	<Kerri_Lemoie>	https://epic.openrecognition.org/program/
[2023-11-27T16:06:50.648Z]	<Andy_Griebel>	present+
[2023-11-27T16:07:02.929Z]	<Simone_Ravaioli>	https://www.skillsfwd.org/
[2023-11-27T16:07:28.804Z]	<Laura_Paglione>	q+ intro
[2023-11-27T16:07:34.023Z]	<Jim_Kelly>	present+
[2023-11-27T16:07:56.461Z]	<Simone_Ravaioli>	https://orcid.org/
[2023-11-27T16:08:02.741Z]	<Simone_Ravaioli>	Yeah to ORCID !
[2023-11-27T16:08:06.321Z]	<Kerri_Lemoie>	Welcome @Laura
[2023-11-27T16:08:20.243Z]	<E-ming_Saung>	present+
[2023-11-27T16:08:28.421Z]	<Laura_Paglione>	Thx!
[2023-11-27T16:10:05.064Z]	<Kerri_Lemoie>	q+
[2023-11-27T16:10:45.830Z]	<Dmitri_Zagidulin>	ack intro
[2023-11-27T16:10:47.336Z]	<Dmitri_Zagidulin>	ack kerri
[2023-11-27T16:11:20.087Z]	<Adam_(Tangle_Labs)>	present+
[2023-11-27T16:11:23.825Z]	<Kerri_Lemoie>	Chair role description: https://docs.google.com/document/d/1WzAz5UFxQ_8lJCn6lLG9RkERfnlSIH6MOt9xp4BLZUU/edit
[2023-11-27T16:12:29.532Z]	<Kerri_Lemoie>	renderMethod!!
[2023-11-27T16:13:26.733Z]	<Ildiko_Mazar_(ELM)>	present+
[2023-11-27T16:15:37.778Z]	<TallTed_//_Ted_Thibodeau_(he/him)_(OpenLinkSw.com)>	present+
[2023-11-27T16:16:16.656Z]	<Dmitri_Zagidulin>	q?
[2023-11-27T16:16:16.814Z]	<TallTed_//_Ted_Thibodeau_(he/him)_(OpenLinkSw.com)>	( transcriber is down... again/still )
[2023-11-27T16:16:37.247Z]	<Transcriber>	scribe+
[2023-11-27T16:16:37.247Z]	<Transcriber>	Meeting: education
[2023-11-27T16:16:42.083Z]	<Transcriber>	Dmitri_Zagidulin: Restart the transcribe.
[2023-11-27T16:16:52.387Z]	<Transcriber>	Dmitri_Zagidulin: All right I will so.
[2023-11-27T16:17:20.709Z]	<Transcriber>	Dmitri_Zagidulin: Sounds like yeah let's we can have the meeting early I'm actually going to stand stay on for a bit more just to keep open mics and office hours for the thing if in case people have do come up with questions otherwise I think you all talk to you all next week and hopefully see some of you on the ccg call tomorrow.
[2023-11-27T16:17:23.844Z]	<Ildiko_Mazar_(ELM)>	:+1:
[2023-11-27T16:18:39.131Z]	<bshambaugh>	present+
[2023-11-27T16:19:04.433Z]	<Transcriber>	Dmitri_Zagidulin: Hi Brent welcome oh we actually ended the meeting early today but we still like I'm sticking around for an open mic if people have questions feel free to ask them otherwise see you next.
[2023-11-27T16:19:09.232Z]	<Colin_Reynolds,_Ed_Design_Lab>	present+
[2023-11-27T16:19:17.438Z]	<Sheela_Kiiskilä>	Thank you. See you guys next week
[2023-11-27T16:19:17.786Z]	<Transcriber>	bshambaugh: I mean just what's going on in your world with the project just curious.
[2023-11-27T16:19:24.535Z]	<Transcriber>	Dmitri_Zagidulin: So it's so funny like.
[2023-11-27T16:20:00.974Z]	<Transcriber>	Dmitri_Zagidulin: I like that question but like for the last several years in like the same thing so did then verify but credentials you know but know that a lot of really good work on my credential wallets possible new did methods and just continuing sort of to push the envelope on their Hub credential ecosystem right we have the basic data models down as of a couple years ago but there's still so much to be.
[2023-11-27T16:20:07.203Z]	<Transcriber>	Dmitri_Zagidulin: Yeah so that sort of thing how are.
[2023-11-27T16:20:16.163Z]	<Transcriber>	bshambaugh: Then I guess I'm decent I kinda came on here just curiosity.
[2023-11-27T16:21:06.970Z]	<Dmitri_Zagidulin>	https://github.com/digitalcredentials/minimal-cipher
[2023-11-27T16:21:45.964Z]	<TallTed_//_Ted_Thibodeau_(he/him)_(OpenLinkSw.com)>	tangent — I notice that `Meeting for 2023-10-16-vc-education` is the latest EDU call in https://w3c-ccg.github.io/meetings/ ... and there's no link from there to the "raw" files/directories
[2023-11-27T16:22:18.992Z]	<Dmitri_Zagidulin>	oh huh
[2023-11-27T16:30:45.874Z]	<Rachel_Donahue_(she/they)_-_Digital_Promise>	present+
[2023-11-27T16:33:28.738Z]	<Dmitri_Zagidulin>	hi Rachel! we ended the meeting early; we're just hanging out and chatting at the moment
[2023-11-27T16:33:33.115Z]	<Rachel_Donahue_(she/they)_-_Digital_Promise>	How does CTDL compare to schema.org?  Most people in the VC community seem to be moving toward CTDL but I'm relatively new and still learning about RDF
[2023-11-27T16:34:01.040Z]	<Rachel_Donahue_(she/they)_-_Digital_Promise>	Hi thanks Dmitri!  The meetings haven't been showing up on my calendar so I just took a chance today :)
[2023-11-27T16:34:27.467Z]	<Dmitri_Zagidulin>	ohh hmm I should take a look at the calendar thing
[2023-11-27T16:35:57.393Z]	<TallTed_//_Ted_Thibodeau_(he/him)_(OpenLinkSw.com)>	"Credential Transparency Description Language"
[2023-11-27T16:36:05.580Z]	<Rachel_Donahue_(she/they)_-_Digital_Promise>	It stands for credential description transparency language
[2023-11-27T16:41:28.123Z]	<TallTed_//_Ted_Thibodeau_(he/him)_(OpenLinkSw.com)>	lod-cloud.net
[2023-11-27T16:50:12.441Z]	<Nate_Otto>	present+
[2023-11-27T16:53:24.805Z]	<TallTed_//_Ted_Thibodeau_(he/him)_(OpenLinkSw.com)>	JSON-LD or Turtle or N3 or N-Triples or N-Quads or TriG or ....
[2023-11-27T16:57:53.300Z]	<Rachel_Donahue_(she/they)_-_Digital_Promise>	Thanks y'all, thanks Ted and Dmitri!  That was really helpful
