Thanks to  for scribing this week! The minutes
for this week's CCG Verifiable Credentials for Education Task Force telecon are now available:

https://w3c-ccg.github.io/meetings/2021-04-12-vc-education 

Full text of the discussion follows for W3C archival purposes.
Audio from the meeting is available as well (link provided below).

----------------------------------------------------------------
CCG Verifiable Credentials for Education Task Force Telecon Minutes for 2021-04-12

Agenda:
  https://lists.w3.org/Archives/Public/public-credentials/2021Apr/0096.html
Topics:
  1. Introductions & Reintroductions
  2. Announcements & Reminders
  3. Review Examples of Activities
  4. Base Structure for Activity Competence, Achievement, 
    Involvement
  5. Relation of Human Beings
  6. Widen Scope of 'Concept 2' Outcomes
Resolutions:
  1. flip relationship per @philbarker comments 
    (https://github.com/w3c-ccg/vc-ed-models/issues/38)
  2. similarities & difference with OpenBadges (person, 
    badgeclass, etc)
  3. status & expiration: at outer layer, provide examples 
    (change of status, types)
  4. mutability of BadgeClass (hashlinks, inline data, etc)
  5. duplicate terms at different levels
  6. using "credential status as pointer to latest version"
  7. propose to handle as part of involvement; close this issue 
    on 4/19 if no objections
  8. handled. Propose close on 4/19 if no objections
Organizer:
  Wayne Chang and Kim Hamilton Duffy and Heather Vescent
Scribe:
  
Present:
  Kim Hamilton Duffy, Anthony Camilleri, Adam Lemmon, Nate Otto, 
  Phil Long, Brent Shambaugh, Dmitri Zagidulin, Jim Goodell, John 
  Gasper, Jeff McCullough, Jim Kelly, Keith Kowal, Juan Caballero, 
  Kerri Lemoie, Marty Reed, Simone Ravaoli, Matt Lisle, James 
  Chartrand, Stuart Freeman, Stuart Sutton, Taylor Kendall, David 
  Ward, Jarlath O'Carroll, Nick Hathaway, Kayode Ezike, Balázs 
  Némethi, Victoria Feng, Peter Mackinnon, Eric Kuhn
Audio:
  https://w3c-ccg.github.io/meetings/2021-04-12/audio.ogg


Topic: Introductions & Reintroductions

<kimhd> Eric Kuhn, Microsoft, DID PM
<kimhd> Kerri Lemoie Director of Digital Credentials Research and 
  Innovation at Concentric Sky
<kimhd> Pete Mackinnon student

Topic: Announcements & Reminders

Kim Hamilton Duffy: IIW  
  https://www.eventbrite.com/e/internet-identity-workshop-iiwxxxii-32-2021a-tickets-131551119941?aff=ebdssbonlinesearch

Topic: Review Examples of Activities

Kim Hamilton Duffy: Reviewed 
  https://github.com/w3c-ccg/vc-ed-models/issues/39
<kimhd> Activity may be part of a criteria for an achievement

Topic: Base Structure for Activity Competence, Achievement, Involvement

Kim Hamilton Duffy: 
  https://github.com/w3c-ccg/vc-ed-models/issues/38
<kimhd> Discussed @philbarker's structural concern

RESOLUTION: flip relationship per @philbarker comments 
  (https://github.com/w3c-ccg/vc-ed-models/issues/38)

RESOLUTION: similarities & difference with OpenBadges (person, 
  badgeclass, etc)

RESOLUTION: status & expiration: at outer layer, provide examples 
  (change of status, types)

RESOLUTION: mutability of BadgeClass (hashlinks, inline data, 
  etc)

RESOLUTION: duplicate terms at different levels

RESOLUTION: using "credential status as pointer to latest 
  version"

Topic: Relation of Human Beings

Kim Hamilton Duffy: 
  https://github.com/w3c-ccg/vc-ed-models/issues/34

RESOLUTION: propose to handle as part of involvement; close this 
  issue on 4/19 if no objections

Topic: Widen Scope of 'Concept 2' Outcomes

Kim Hamilton Duffy: 
  https://github.com/w3c-ccg/vc-ed-models/issues/33

RESOLUTION: handled. Propose close on 4/19 if no objections

