[2021-04-12T16:00:00.000Z]	<kimhd>	Agenda: https://lists.w3.org/Archives/Public/public-credentials/2021Apr/0096.html
[2021-04-12T16:00:00.000Z]	<kimhd>	Topic: Introductions & Reintroductions
[2021-04-12T16:00:00.000Z]	<kimhd>	Eric Kuhn, Microsoft, DID PM
[2021-04-12T16:00:00.000Z]	<kimhd>	Kerri Lemoie Director of Digital Credentials Research and Innovation at Concentric Sky
[2021-04-12T16:00:00.000Z]	<kimhd>	Pete Mackinnon student
[2021-04-12T16:00:00.000Z]	<kimhd>	Topic: Announcements & Reminders
[2021-04-12T16:00:00.000Z]	<kimhd>	IIW  https://www.eventbrite.com/e/internet-identity-workshop-iiwxxxii-32-2021a-tickets-131551119941?aff=ebdssbonlinesearch
[2021-04-12T16:00:00.000Z]	<kimhd>	Topic: Review Examples of Activities
[2021-04-12T16:00:00.000Z]	<kimhd>	Reviewed https://github.com/w3c-ccg/vc-ed-models/issues/39
[2021-04-12T16:00:00.000Z]	<kimhd>	Activity may be part of a criteria for an achievement
[2021-04-12T16:00:00.000Z]	<kimhd>	Topic: Base Structure for Activity Competence, Achievement, Involvement
[2021-04-12T16:00:00.000Z]	<kimhd>	https://github.com/w3c-ccg/vc-ed-models/issues/38
[2021-04-12T16:00:00.000Z]	<kimhd>	Discussed @philbarker's structural concern
[2021-04-12T16:00:00.000Z]	<kimhd>	Resolution: flip relationship per @philbarker comments (https://github.com/w3c-ccg/vc-ed-models/issues/38)
[2021-04-12T16:00:00.000Z]	<kimhd>	Resolution: similarities & difference with OpenBadges (person, badgeclass, etc)
[2021-04-12T16:00:00.000Z]	<kimhd>	Resolution: status & expiration: at outer layer, provide examples (change of status, types)
[2021-04-12T16:00:00.000Z]	<kimhd>	Resolution: mutability of BadgeClass (hashlinks, inline data, etc)
[2021-04-12T16:00:00.000Z]	<kimhd>	Resolution: duplicate terms at different levels
[2021-04-12T16:00:00.000Z]	<kimhd>	Resolution: using "credential status as pointer to latest version"
[2021-04-12T16:00:00.000Z]	<kimhd>	Topic: Relation of Human Beings
[2021-04-12T16:00:00.000Z]	<kimhd>	https://github.com/w3c-ccg/vc-ed-models/issues/34
[2021-04-12T16:00:00.000Z]	<kimhd>	Resolution: propose to handle as part of involvement; close this issue on 4/19 if no objections
[2021-04-12T16:00:00.000Z]	<kimhd>	Topic: Widen Scope of 'Concept 2' Outcomes
[2021-04-12T16:00:00.000Z]	<kimhd>	https://github.com/w3c-ccg/vc-ed-models/issues/33
[2021-04-12T16:00:00.000Z]	<kimhd>	Resolution: handled. Propose close on 4/19 if no objections
[2021-04-12T16:00:00.000Z]	<kimhd>	present+ kimhd, AnthonyFCamilleri, adamjlemmon, ottonomy, Phil-T3, bshambaugh, dmitriz, Jim_Goodell, JohnGasper, JeffMcCullough, JimKelly, keith_kowal, juan_caballero, Kerri_Lemoie, marty_reed, Simone_Ravaioli, matt_lisle, jameschartrand, stuartf, Phil-T3_Barker, StuartSutton, tayken, dward, jarlath, nick_hathaway, kezike, Balazs_, victoria_feng, pete_M, Eric_Kuhn
