[2025-03-24T09:19:36.686Z]	<Dmitri_Zagidulin> agenda: https://lists.w3.org/Archives/Public/public-vc-edu/2025Mar/0004.html

[2025-03-24T14:57:14.686Z]	<Dmitri_Zagidulin>	present+
[2025-03-24T14:57:16.086Z]	<Eric_Shepherd>	present+
[2025-03-24T14:59:43.296Z]	<Don_Presant,_Learning_Agents,_Canada>	present+
[2025-03-24T14:59:57.772Z]	<Stuart_Freeman>	present+
[2025-03-24T15:00:16.604Z]	<Sharon_Leu>	present+
[2025-03-24T15:00:39.721Z]	<Ildiko_Mazar>	present+
[2025-03-24T15:00:56.720Z]	<TallTed_//_Ted_Thibodeau_(he/him)_(OpenLinkSw.com)>	present+
[2025-03-24T15:01:11.235Z]	<Sheela_Kiiskila>	present+
[2025-03-24T15:03:10.256Z]	<Susan_Stroud_@_Lifequipt>	present+
[2025-03-24T15:03:22.974Z]	<James_Chartrand>	present+
[2025-03-24T15:03:24.642Z]	<Ildiko_Mazar>	Can you start the recording and transcription, please, Dmitri?
[2025-03-24T15:03:35.475Z]	<Transcriber>	scribe+
[2025-03-24T15:03:35.475Z]	<Transcriber>	Meeting: education
[2025-03-24T15:04:03.328Z]	<Transcriber>	Dmitri_Zagidulin: All right excellent yeah so uh that there's potentially exciting news so the where a task force of the w3c ccg who uh has recently had a discussion about upgrading the meeting note taking and and call infrastructure.
[2025-03-24T15:04:10.884Z]	<Transcriber>	Dmitri_Zagidulin: There's uh there's consensus to upgrade to.
[2025-03-24T15:04:20.088Z]	<Transcriber>	Dmitri_Zagidulin: Who meet and some open source uh Auto transcription uh that that would be probably slightly better than what we're using.
[2025-03-24T15:04:28.834Z]	<Ildiko_Mazar>	fingers crossed
[2025-03-24T15:04:30.963Z]	<Transcriber>	Dmitri_Zagidulin: Here with jitsi so uh we'll we'll work with uh the chairs there get all the details and uh pretty soon we'll probably be switching over to Google meet.
[2025-03-24T15:04:34.930Z]	<Stuart_Freeman>	present+
[2025-03-24T15:04:45.181Z]	<Transcriber>	Dmitri_Zagidulin: How's it going it's fingers crossed that's right yeah so should should be good okay uh recording uh no introductions do we have any Community announcements.
[2025-03-24T15:04:57.197Z]	<Transcriber>	Dmitri_Zagidulin: Uh please raise your hand we we use uh jitsi QQ up basically you click on the raise hand button and it gives you up in order.
[2025-03-24T15:05:08.314Z]	<Kaliya_Identity_Woman>	present+
[2025-03-24T15:05:14.625Z]	<Timg>	present+
[2025-03-24T15:05:18.931Z]	<Transcriber>	Dmitri_Zagidulin: The main sort of uh event that I'm aware of is we've got internet identity Workshop coming up in April in Mountain View California for those of you who can make it it's always it's always a good time and speaking of uh here's Kalia 1 of the organizers.
[2025-03-24T15:05:25.212Z]	<Transcriber>	Dmitri_Zagidulin: Uh all right any other announcements hi Kalia I was just talking about IBEW coming up.
[2025-03-24T15:05:33.027Z]	<Transcriber>	Dmitri_Zagidulin: Oh big 40 that's awesome hey how does time even work.
[2025-03-24T15:05:33.601Z]	<Eric_Shepherd>	Unfornately im not hearing audio
[2025-03-24T15:05:36.228Z]	<Transcriber>	Kaliya_Identity_Woman: I I don't know.
[2025-03-24T15:05:39.651Z]	<Transcriber>	Dmitri_Zagidulin: That's so exciting wow.
[2025-03-24T15:05:45.736Z]	<Transcriber>	Dmitri_Zagidulin: Uh yeah all right uh any other announcements.
[2025-03-24T15:05:52.583Z]	<Transcriber>	Dmitri_Zagidulin: Okay in that case let us move on to our main topic.
[2025-03-24T15:05:53.211Z]	<Eric_Shepherd>	I only see the transcription
[2025-03-24T15:06:09.617Z]	<Transcriber>	Dmitri_Zagidulin: Today we have uh we have Sharon Lou to talk about uh various things uh including and not limited to the market scan Sharon uh over to you thank you for thank you for joining us thank you for.
[2025-03-24T15:06:11.852Z]	<Don_Presant,_Learning_Agents,_Canada>	Apologies, I don't hear anything except that applause and "Recording is on"...help?
[2025-03-24T15:06:13.085Z]	<Transcriber>	Dmitri_Zagidulin: Uh sharing your findings.
[2025-03-24T15:06:14.912Z]	<Transcriber>	Sharon_Leu: Um can you hear me.
[2025-03-24T15:06:18.160Z]	<Transcriber>	Dmitri_Zagidulin: We can indeed.
[2025-03-24T15:06:30.642Z]	<Transcriber>	Sharon_Leu: Okay so I'm going to just comment first a couple people in the chat have um pointed out that they can only hear the strange jitsi noises and not any of the audio is there something that you can type into the chat to help with that.
[2025-03-24T15:06:34.076Z]	<Transcriber>	Dmitri_Zagidulin: Yeah so okay yep can do that.
[2025-03-24T15:06:38.641Z]	<Transcriber>	Sharon_Leu: And I'm going to try to share my screen so let's see if that works.
[2025-03-24T15:06:43.376Z]	<Dmitri_Zagidulin>	those who don't hear sound - try switching to a different browser
[2025-03-24T15:06:48.040Z]	<Dmitri_Zagidulin>	try Chrome or Safari, etc
[2025-03-24T15:06:49.817Z]	<Transcriber>	Sharon_Leu: Uh open system preferences hold okay.
[2025-03-24T15:06:53.212Z]	<Transcriber>	Sharon_Leu: Um are you seeing my screen.
[2025-03-24T15:07:06.282Z]	<Alex_Higuera_(DCC)>	present+
[2025-03-24T15:07:09.765Z]	<Transcriber>	Sharon_Leu: Okay great um so what I'm going to do is um well thank you first for having me on and giving me a chance to talk a little bit about um a recent work product that my team has uh released.
[2025-03-24T15:07:09.808Z]	<Eric_Shepherd>	Im using the app
[2025-03-24T15:07:23.069Z]	<Dmitri_Zagidulin>	@Eric - i see, try connecting on the web then?
[2025-03-24T15:07:30.089Z]	<Dmitri_Zagidulin>	the app sometimes has trouble with our version of Jitsi server
[2025-03-24T15:07:30.985Z]	<Transcriber>	Sharon_Leu: Um what I'm going to do I'm going to talk a bit about this project I'm going to run through just a few slides very quickly um and I would love for us to be able to have a conversation about what you all thought um and let's see um if I can do slideshow mode and still.
[2025-03-24T15:07:32.643Z]	<Don_Presant,_Learning_Agents,_Canada>	present+
[2025-03-24T15:07:33.339Z]	<Jeff_O_/_HumanOS>	present+
[2025-03-24T15:07:37.652Z]	<Eric_Shepherd>	present+
[2025-03-24T15:07:41.667Z]	<Transcriber>	Sharon_Leu: Okay is this is this like is this the screen but not like.
[2025-03-24T15:07:43.438Z]	<Colin_Reynolds,_Ed_Design_Lab>	present+
[2025-03-24T15:07:43.654Z]	<Transcriber>	Sharon_Leu: The other stuff.
[2025-03-24T15:07:46.429Z]	<Ildiko_Mazar>	I never ever managed to connect to these calls via the app, @Eric, try the web
[2025-03-24T15:07:47.558Z]	<Transcriber>	Dmitri_Zagidulin: Yeah we we just see the title screen verify the credentials.
[2025-03-24T15:08:16.021Z]	<Transcriber>	Sharon_Leu: Great okay perfect so all of this works um so we so let me just talk a little bit about um who is jmf what is this project and the thing itself which is um our 2025 Market scan of uh digital credential wallets um so here's our debt which basically follows the outline of the report of the market scan I'm not going to read the market scan to you obviously but.
[2025-03-24T15:08:25.775Z]	<Eric_Shepherd>	@Ildiko. Thank you! 🙏 Will do.
[2025-03-24T15:08:42.022Z]	<Eric_Shepherd>	present+
[2025-03-24T15:08:47.552Z]	<Transcriber>	Sharon_Leu: Of sections in it um talks a little bit about the context of the skills first talent Marketplace um and how it can lead to a systems level transformation some of the what we considered and saw to be the foundational components of that key opportunities for impact the work ahead and I think as we discuss we can talk a little bit about The Cutting Room floor AKA um either juicy bits or extraneous side quests that were left out because we exceeded our page count limit.
[2025-03-24T15:09:05.264Z]	<Eric_Shepherd>	I’m in and audio is now working
[2025-03-24T15:09:12.326Z]	<Dmitri_Zagidulin>	@Eric - excellent!
[2025-03-24T15:09:14.745Z]	<Ildiko_Mazar>	FYI, you can find the report at https://www.jff.org/wp-content/uploads/2025/03/JFF_Verifiable-Credentials-Wallets-in-a-Skills-First-Talent-Marketplace_Mar-2025_2.pdf
[2025-03-24T15:09:18.594Z]	<Transcriber>	Sharon_Leu: Just by way of introduction my name is Sharon Lou and I work in an organization called jobs for the future um jobs for the future is a national nonprofit in the US um we had our 40th birthday a couple of years ago but essentially our goal is to enable 75 million people who face systemic barriers to advancement to work in quality jobs this is 75 million in the US um and so a lot of the work that we have done traditionally has focused on um transforming the education and Workforce systems here.
[2025-03-24T15:09:29.040Z]	<Transcriber>	Sharon_Leu: Um but um our team at jmf Labs specifically thinks about how can technology be a tool for us to accomplish these goals.
[2025-03-24T15:09:48.778Z]	<Deb_Everhart_(Credential_Engine)>	present+
[2025-03-24T15:10:09.576Z]	<Transcriber>	Sharon_Leu: Um this is what we can we call a jmf Labs Market scan it's part of the insights function of our Labs team which is not only to look at what all of the cool shiny things are in our ecosystem but to really think about the opportunities that Technologies provide us to really transform um the ecosystem of education and work as well as to fundamentally give opportunity to people um so if you want to check out some of the other Market scams um I guess the live I will share uh the deck and the live links presumably will work um in that.
[2025-03-24T15:10:26.562Z]	<Transcriber>	Sharon_Leu: We are starting with this idea of we are looking at digital wallets um this is a Gartner quote that I think a lot of people had um 500 million smartphone users worldwide will rely on digital identity wallets so this was an interesting topic for us um.
[2025-03-24T15:10:40.497Z]	<Transcriber>	Sharon_Leu: Because what this is actually a refresh of a market scan we had done in the past and we don't typically do like a refresh of a market scan because I don't know there's just many more topics for us to explore um.
[2025-03-24T15:10:40.756Z]	<Transcriber>	Sharon_Leu:  but because.
[2025-03-24T15:10:47.966Z]	<Kayode_Ezike>	present+
[2025-03-24T15:11:28.503Z]	<gillian>	present+
[2025-03-24T15:11:29.264Z]	<Transcriber>	Sharon_Leu: Because of the evolution of um healthy and used we thought it was different enough from the 2022 version that we put out like the ecosystem had changed enough the use cases were different enough that we could tell a different story so you see here um our original uh Market scan the the sort of static link for all of this body of work is still jff.org digital wallets um but really thinking about all of the different changes that have happened um since so you'll hear us tell a story hopefully successfully of um not only the wallet itself as a place to store and share your digital credentials but the way that the larger um community and ecosystem can use these tools um.
[2025-03-24T15:12:16.487Z]	<Transcriber>	Sharon_Leu: Publish a number of different goals so um let's get into this so um we started where we started in 2022 and which is sort of the foundation of a lot of the work we do which is about the talent Marketplace um 2022 we put this graphic out which we really like which is that we want um digital credentials um to be controlled by the user um in a way that allows users to store multiple credentials from multiple issues um over a long period of time and then to allow them to share these credentials as they pursue opportunities in employment and education um foundationally and fundamentally this is what we think is critical.
[2025-03-24T15:13:08.003Z]	<Transcriber>	Sharon_Leu: Providing opportunity and actually a really important tool um this is still true and so um oh actually before I get to the next slide I should say 1 other disclaimer we do highlight a number of companies in the same way that we did before 1 of the things that we did try to do was tell stories about the impact on a number of different users so this isn't a catalog of um things you can buy because we think they're cool um this isn't this is an ad space necessarily for any of these companies so don't take these as uh endorsements or it like there's no sort of like uh coupon code or you know friend code to to any of these companies these are just stories that we thought communicated that the impact that this technology ecosystem um.
[2025-03-24T15:13:57.526Z]	<Transcriber>	Sharon_Leu: Um this was our first and most basic use case can you store and share your credentials a variety of them um in your in in a digital wallet and can that actually lead to opportunity um but then as we were thinking reflecting on the last sort of the progression of this infrastructure over the last 3 years we started to see that there was like in addition to doing this there were other things that um we could do so 1 of the stories that we highlighted is the story of um credit Vera there are you know digital wallet company as are all of these but in addition to storing and sharing your digital um like your education credentials in your licenses um the tool allows um employers to easily be able to see um.
[2025-03-24T15:16:31.764Z]	<PL>	present+
[2025-03-24T15:16:46.083Z]	<Don_Presant,_Learning_Agents,_Canada>	Grant impact, great!
[2025-03-24T15:22:39.917Z]	<Nate_Otto>	present+
[2025-03-24T15:24:35.238Z]	<Transcriber>	scribe+
[2025-03-24T15:24:35.238Z]	<Transcriber>	Meeting: education
[2025-03-24T15:24:39.773Z]	<Transcriber>	Sharon_Leu: Like existing like uh.
[2025-03-24T15:25:20.673Z]	<Transcriber>	Sharon_Leu: Problems in context right so you know like the digital credentials and leers they're just you know 1 of the things but you know we hear a lot as we work um with our stakeholders like you know maybe there are a lot of credentials but you know there are not you know it's it's a classic cold start problem for us like there are there enough credentials are there enough verification tools is there a demand is there Supply just sort of thinking about how to prioritize the needs of um stakeholders like job Seekers um in order to sort of like fill out this uh these ecosystem tools um.
[2025-03-24T15:25:25.542Z]	<Transcriber>	Sharon_Leu: Something that we think is particularly important um.
[2025-03-24T15:25:43.547Z]	<Transcriber>	Sharon_Leu: Maybe this gets to what did get left leave left on The Cutting Room floor is this idea of safeguarding privacy and like how to communicate the importance of that and to um sort of work towards that um in a way where it like sort of.
[2025-03-24T15:26:00.093Z]	<Transcriber>	Sharon_Leu: Respects the Legacy structure of like centralized data collection reporting and the efficiencies that that provides um balancing them with some new and not new not really new but sort of newly in the news issues related to individual privacy.
[2025-03-24T15:26:18.644Z]	<Transcriber>	Sharon_Leu: Um we think that there's significant amount of work that needs to be done to just as awareness to combat domain specific isolationism and what we mean by that is you know you know it's great to have an education and work force task force in a lot of these contexts.
[2025-03-24T15:27:17.457Z]	<Transcriber>	Sharon_Leu: But creating more sort of Niche education specific uh tools data models definitions May ultimately impact the interoperability of these in the the larger sort of system context um and then finally sort of understanding um the relationship that a lot of these small decentralized projects have in the context of movements that occur in sort of the big Tech spaces um so I think that like um I added work items and maybe this goes a little bit on Cutting Room floor because this didn't work in there um I know that um Carrie lemoy and several others of us have had a number of conversations about future work items that we might propose um to this group as well as to like the main ccg group um of tools and things that we think could actually contribute um.
[2025-03-24T15:27:19.103Z]	<Don_Presant,_Learning_Agents,_Canada>	Q: what about self-assertion, peer recognition? ie not just top-down recognition...more life verifiable CLAIMs
[2025-03-24T15:27:38.971Z]	<Transcriber>	Sharon_Leu: You the tools and resources that would enable people to start using these Technologies in the context of education and Workforce um so I will just stop talking there and um maybe I don't know if there's like questions I can't see but um I'll pop over and.
[2025-03-24T15:27:57.680Z]	<Transcriber>	Dmitri_Zagidulin: Thank you yeah no uh this this is fantastic so uh 1 1 question that I immediately see from Don from Don in chat what about self assertion or peer recognition.
[2025-03-24T15:28:00.113Z]	<PL>	@Don Presant - as you know we're working on peer recognition/self-assertion
[2025-03-24T15:28:05.559Z]	<Transcriber>	Dmitri_Zagidulin: And Such live verifiable claims and then we've got ildico on the queue.
[2025-03-24T15:28:12.767Z]	<Transcriber>	Sharon_Leu: Like do I think it's important or like can you elaborate on the question.
[2025-03-24T15:28:29.523Z]	<Transcriber>	Don_Presant,_Learning_Agents,_Canada: Um sure uh basically to say that um I'm wearing my open recognition hat here I was just presenting about it last week uh the idea that uh recognition should not just come from above from um a um.
[2025-03-24T15:28:51.949Z]	<Transcriber>	Don_Presant,_Learning_Agents,_Canada: Recognized agency or institution uh there should be room for um recognizing your peers saying who you are and why you recognize this person and even making your own self assertion and saying here's me here's my evidence you can trust that all these this is true and this is all verifiable claim I'm just wondering if that's part of the actively.
[2025-03-24T15:28:55.398Z]	<Transcriber>	Don_Presant,_Learning_Agents,_Canada: Managed or the actively planned ecosystem.
[2025-03-24T15:29:16.367Z]	<Transcriber>	Sharon_Leu: Um so I think that's an excellent point and I think that it's non-inclusion should not be um I think you should not infer that like we don't think that's important we know actually Demitri you're working on endorsement in some of um we we just like it just wasn't like.
[2025-03-24T15:29:25.564Z]	<Transcriber>	Sharon_Leu: Hadn't been enough progress on it for us to identify it as like there's a thing that we can like Point people back to does that make sense.
[2025-03-24T15:29:32.161Z]	<Transcriber>	Don_Presant,_Learning_Agents,_Canada: That would be great that might be a great topic for epic this October to say it.
[2025-03-24T15:29:33.314Z]	<Transcriber>	Dmitri_Zagidulin: Oh sounds good.
[2025-03-24T15:29:37.243Z]	<Transcriber>	Sharon_Leu: Yes um I mean looking at you Dmitri right because you are doing all the work on that.
[2025-03-24T15:29:50.231Z]	<Transcriber>	Dmitri_Zagidulin: Happy to talk a bit more about it I just want to make sure um Isla goes up next on the Queue and then I'll hop on and talk about endorsements and so on uh go ahead It Go.
[2025-03-24T15:31:27.377Z]	<Transcriber>	Sharon_Leu: Okay I don't want to like okay I I I want to stay on topic and I'll say first that um the credit Vera use case um was easy for us to write about or we wanted to write about it because it was a solution that was designed um specifically for an employer so the fact that there were missing requirements what like went back to how the employer defined like green and red right so you saw like some people got a green light they could go on site some people had a red light um and in that case um the employer had a very specific list that they populated with the vendor and said if a person has you know these certifications or these like skills demonstrated in this way then they are allowed on site right so it's an access pass.
[2025-03-24T15:31:43.193Z]	<Transcriber>	Sharon_Leu: Had 4 out of the 5 things you've got a red but if you have 5 out of 5 um you could go on and then that like very clear definition allowed them to say you have 4 out of the 5 here's the 5th 1 that's missing right.
[2025-03-24T15:31:46.325Z]	<PL>	Peer recognition is also a part of the proposed Arya ecosystem in First Person credential they've proposed.
[2025-03-24T15:31:52.896Z]	<Ildiko_Mazar>	It is definitely a very good and solid start
[2025-03-24T15:31:58.710Z]	<Transcriber>	Sharon_Leu: That's not always and so we liked that because um I think that um a lot of times in education we build things and hope people will use them so we make a lot of digital credentials we congratulate ourselves on the billions and billions of digital credentials.
[2025-03-24T15:33:00.112Z]	<Transcriber>	Sharon_Leu: 1 of the things that um we've been working on at JFS is thinking about well how do these uh credentials find um their sort of like uh calling in life right like how does how do these credentials actually Grant access to work opportunities for people and asking employers that question often leads to different answers right so a construction company says you need 5 pieces of you know like qualification to be on site but every employer is going to answer that question differently and this is the trick right um can you work with every single employer to clearly Define what they want in a particular job role for a particular job and map it back I think that there are the beginnings of that work um I think that also the question is like when do you check these because traditionally what we would say in traditional Workforce Development is when you are applying for a job could an employer through their applicant tracking system just.
[2025-03-24T15:33:00.599Z]	<Transcriber>	Sharon_Leu:  pick off.
[2025-03-24T15:33:37.545Z]	<Ildiko_Mazar>	Absolutely! So basically the employer has the liberty to be as inclusive or exclusive as they wish
[2025-03-24T15:33:38.953Z]	<Transcriber>	Sharon_Leu: Certain people or is the employer somewhat committed to providing this training um in this case of the construction company they didn't want to check it when during the application process they wanted to check it um standing at the work site right so it's also um being able to understand like when is a employer going to use which kind of credential for what purpose um and can an ecosystem be developed so that credentials are the tool that they use um so that's like 1 part of it is like in that it is easier or harder depending on um how you design with an employer.
[2025-03-24T15:33:39.203Z]	<Transcriber>	Sharon_Leu:  the other.
[2025-03-24T15:34:00.546Z]	<DavidC>	present+
[2025-03-24T15:34:27.005Z]	<Transcriber>	Sharon_Leu: Heard of your answer is I think that you're never going to understand skill unless you are hiring a commercial like someone to drive a truck and you they need a commercial driver's license um that piece of identity document is not actually meant to be uh qualification for a job role and this is where it becomes a little bit more complex and again understanding the sort of uh end user the sort of demand side needs of um that ecosystem to put together like what are all the credentials and which ones give that information and actually even thinking about what is the information inside the credential um that needs to be there and how does it need to be displayed in order for um a person to be able to use it I feel like these are very very sort of.
[2025-03-24T15:34:50.780Z]	<Transcriber>	Sharon_Leu: Unexplored not non explored but I think there's so much more there that needs to be done for us to be able to release claim ecosystem is robust enough to actually give you know this kind of opportunity so I think what we tried to do is tease the possibility that this can happen encourage people to start thinking about it holistically.
[2025-03-24T15:34:56.606Z]	<Transcriber>	Dmitri_Zagidulin: Thank you so much Aaron.
[2025-03-24T15:35:12.482Z]	<Transcriber>	Dmitri_Zagidulin: All right so uh I'll hop hop on the Queue uh to talk a little bit about self issued credentials uh peer recognition self attestation so first of all what do we mean by that.
[2025-03-24T15:35:25.521Z]	<Transcriber>	Dmitri_Zagidulin: Uh and and why is it important and what needs to happen in order for it to play a major role in our verifiable credential wallet and issue and verify our ecosystems.
[2025-03-24T15:35:34.059Z]	<Transcriber>	Dmitri_Zagidulin: So 1 common example of a self asserted credential that we use all the time.
[2025-03-24T15:35:41.537Z]	<Transcriber>	Dmitri_Zagidulin: Uh that that might be useful to structure our discussion around is a resume.
[2025-03-24T15:36:18.980Z]	<Transcriber>	Dmitri_Zagidulin: Do as the as the applicant are putting together this document either as a as a text document or in some cases some job application marketplaces uh you're putting it together as sort of a structured data model behind the scenes but the point is you're laying out a number of claims such as I went to this and this University I have the following skills I I went to these clubs and got this recognition right all of those things.
[2025-03-24T15:36:19.419Z]	<Transcriber>	Dmitri_Zagidulin:  at the moment.
[2025-03-24T15:36:31.442Z]	<Transcriber>	Dmitri_Zagidulin: All of those are self assertions and play an important role in like in our world in our life but here's what's important to note.
[2025-03-24T15:36:35.566Z]	<Transcriber>	Dmitri_Zagidulin: In order to be really useful.
[2025-03-24T15:36:43.019Z]	<Nate_Otto>	Recognition in da club is usually very informal but sometimes imporant
[2025-03-24T15:36:46.556Z]	<Transcriber>	Dmitri_Zagidulin: The self assertions need to be the claims need to be backed up by evidence and and that's 1 good good way to think about it what do we need.
[2025-03-24T15:36:58.337Z]	<Transcriber>	Dmitri_Zagidulin: This uh what needs to happen in order for self assertions and and peer recognition to play a larger role in verify the credential 3 things.
[2025-03-24T15:37:12.587Z]	<Transcriber>	Dmitri_Zagidulin: 1 is there needs to be a strong emphasis on evidence right I'm claiming claiming this thing and to back it up here's here's the evidence for example.
[2025-03-24T15:37:18.006Z]	<Transcriber>	Dmitri_Zagidulin: Uh I went to this club.
[2025-03-24T15:37:18.207Z]	<Transcriber>	Dmitri_Zagidulin: It is my.
[2025-03-24T15:37:28.316Z]	<Jeff_O_/_HumanOS>	present+
[2025-03-24T15:37:29.826Z]	<Transcriber>	Dmitri_Zagidulin: Especially as the as we grow the verifiable credential ecosystem.
[2025-03-24T15:37:42.594Z]	<Transcriber>	Dmitri_Zagidulin: Most claims most facts even institutional ones won't be available in the digitally signed form right the club I went to existed 10 years ago and since has disbanded of course they're not.
[2025-03-24T15:38:46.780Z]	<Transcriber>	Dmitri_Zagidulin: Of course no to verify the credential is coming but I can at least do a self assertion and let's say attach an image uh I take a photo of my acceptance letter to the club right more more relevant uh more more likely I'm making a skill assertion right since we're talking about skill-based hiring I can say I'm a barista I know how to make uh perfect latte art and it can attach a video of My Demo right of my latte art night competition at the the local coffee shop or I'm a developer I claim I know how to how to do HTML and I attached as evidence my GitHub repository with with the source code so that's thing number 1 what do we need for uh essentially for self assertions to win we need an emphasis on evidence fortunately at least data model wise uh not much needs to happen there it's already included into the data model especially for example in the open badges version 3 they hit a model there's an Evidence field.
[2025-03-24T15:38:47.246Z]	<Transcriber>	Dmitri_Zagidulin:  we got everything.
[2025-03-24T15:38:56.022Z]	<Transcriber>	Dmitri_Zagidulin: We just need to make sure that our issuing platforms support evidence and of course that are verifying platforms.
[2025-03-24T15:39:08.304Z]	<Transcriber>	Dmitri_Zagidulin: It easier for verifiers for humans looking at this stuff to pull up the evidence to examine it to make judgments on it and so on so evidence is number 1 uh number 2.
[2025-03-24T15:39:17.630Z]	<Transcriber>	Dmitri_Zagidulin: Uh as as Don mentioned and uh is incredibly important what makes self asserted claims stronger.
[2025-03-24T15:39:50.075Z]	<Don_Presant,_Learning_Agents,_Canada>	endorsement=secondary (indirect) evidence
[2025-03-24T15:40:26.161Z]	<Transcriber>	Dmitri_Zagidulin: Collab uh collaboration and recognition and um endorsements from peers so I claim uh I can make latte arts and in support of that here is a also self asserted claim from my uh shift manager of my my supervisor that you have to meet she knows how to make latte art or uh here is a self assorted credential self sort of claim from my um from my peers that says yes to me she knows how to I don't know write HTML so so that's uh that's number 2 and what do we need in order to make that happen uh so that's 1 of the 1 of the things that uh we're exploring for example uh with Phil Long and the T3 Chamber of Commerce Foundation of writing a couple of uh open source uh application to demonstrate the workflow to to show what an app would look like that allows you to make self asserted claims and then get feedback get recommendations.
[2025-03-24T15:40:26.842Z]	<Transcriber>	Dmitri_Zagidulin:  get endorsed.
[2025-03-24T15:40:29.696Z]	<Transcriber>	Dmitri_Zagidulin: From other people.
[2025-03-24T15:40:43.207Z]	<Transcriber>	Dmitri_Zagidulin: Uh so and here we we have now a pair of verified credential 1 a claim and the other 1 is a credential about that claim confirming or refuting and so on.
[2025-03-24T15:40:48.714Z]	<Transcriber>	Dmitri_Zagidulin: The third element that that needs to happen Force officer credentials.
[2025-03-24T15:40:51.230Z]	<Transcriber>	Dmitri_Zagidulin: Is of course the element of identity.
[2025-03-24T15:41:15.832Z]	<PL>	Evidence in a secondary assertion/endorsement is in the substantiation of the endorsers background with evidence that they're in position to make such a judgement corroborating the initial assertion
[2025-03-24T15:41:28.262Z]	<Transcriber>	Dmitri_Zagidulin: If if we're saying that hey uh claim from my supervisor adds to the the believability of the credential how do we know what the person is my supervisor right we need and and here that's that's the hardest um challenge of all of those that's where we get into the notion of personhood credentials issuer Registries and the thing about issue Registries and and uh hopefully next week we'll be able to talk about those uh I'll do a issue registry 1 on 1 uh presentation.
[2025-03-24T15:41:55.581Z]	<Transcriber>	Dmitri_Zagidulin: Uh those are super important and uh Baseline in fact I wanted to ask Sharon uh the the question of in the market scan in talking with all these vendors what have you how what what's the level of awareness that you've seen for the need for issue Registries and verify Registries but we'll come back to that in just a second so so the third element for.
[2025-03-24T15:42:08.762Z]	<Transcriber>	Dmitri_Zagidulin: Is uh the notion of identity is the notion of issuer Registries is okay if we have backup evidence for my peers.
[2025-03-24T15:42:13.872Z]	<Don_Presant,_Learning_Agents,_Canada>	NB: Peer recognition is more than endorsement, can also be like a reference letter: "I nominate this person"
[2025-03-24T15:42:14.135Z]	<Transcriber>	Dmitri_Zagidulin: And how do we know that those are our peers and that I didn't make it up etc etc.
[2025-03-24T15:42:44.710Z]	<Transcriber>	Dmitri_Zagidulin: So far most of the work on issue or Registries has focused on institutional Registries for for very good reasons uh those are those are easiest to get started with those are easiest to regulate and in some markets in verticals those maybe the only things possible for example uh if you recall ABC's European blockchain.
[2025-03-24T15:43:11.545Z]	<Transcriber>	Dmitri_Zagidulin: Initiative uh who who we're doing an ABC did methods uh they did 2 versions uh ABC did version 1 was for institutional issuers was for organizations essentially and those were kept in a directory went through a kyc process uh on signup and so on.
[2025-03-24T15:43:11.855Z]	<Transcriber>	Dmitri_Zagidulin:  but the reason.
[2025-03-24T15:43:20.633Z]	<PL>	The third element Dmitri described suggests that identity through notarized assertions is a key element that we need to add to our ecosystem.
[2025-03-24T15:43:30.772Z]	<Ildiko_Mazar>	EBSI: European Blockchain Services Infrastructure
[2025-03-24T15:43:48.911Z]	<Transcriber>	Dmitri_Zagidulin: They had a second did type the reason they had a did version 2 separate from from version 1 and it wasn't a sequential know you both both are needed in parallel with specifically for natural persons was for humans those cannot and must not go in a directory for those the process of uh know your customer and identity verification is a lot more perilous than for public companies or nonprofits or clubs or organizations which are public sort of by.
[2025-03-24T15:43:49.263Z]	<Transcriber>	Dmitri_Zagidulin:  by their.
[2025-03-24T15:43:54.319Z]	<Transcriber>	Dmitri_Zagidulin: For humans it's the exact opposite so.
[2025-03-24T15:44:19.096Z]	<Transcriber>	Dmitri_Zagidulin: There's never going to be especially if we do our job right there's never going to be directories of all the humans ever or all the humans in um even a jurisdiction even in tightly controlled uh legal jurisdictions like the European Union they are specifically making an informed explicit choice not to make that available to to in fact Outlaw it.
[2025-03-24T15:44:22.456Z]	<Don_Presant,_Learning_Agents,_Canada>	Love this Natural person exploration...
[2025-03-24T15:44:41.498Z]	<Transcriber>	Dmitri_Zagidulin: So then if we don't have directories uh for these issuer Registries how do we handle this notion of identity for peer recognition and for um for for evidence uh of claims and here much like much like often verified with credentials if you notice we fall back on existing.
[2025-03-24T15:45:12.429Z]	<Don_Presant,_Learning_Agents,_Canada>	Could also explore triangulation, a la ORCA
[2025-03-24T15:45:23.881Z]	<Transcriber>	Dmitri_Zagidulin: Existing techniques existing social and legal techniques in this case that of uh notaries essentially that's that's not the only approach of doing it but that's that's 1 of the things that we're exploring for example in uh in our projects with uh Phil and the T3 Chamber of Commerce foundation and that is how do we how do we verify identity in a casual peer-to-peer Way in real life in paper-based credentials well for when applying to institutions they have their own institutional kyc process but what about when dealing with parts of the person and when buying a car or not buying a car when when.
[2025-03-24T15:45:37.701Z]	<Transcriber>	Dmitri_Zagidulin: Between between peers and the answer is at least in the US but also in a lot of other countries system of public notaries uh and note what the notaries do they don't.
[2025-03-24T15:45:37.899Z]	<Transcriber>	Dmitri_Zagidulin:  they're not.
[2025-03-24T15:45:42.203Z]	<Transcriber>	Dmitri_Zagidulin: Subject matter experts when.
[2025-03-24T15:46:07.692Z]	<Transcriber>	Dmitri_Zagidulin: What I'm making a claim on a resume or a signing form signing a legal form that's that's making a claim they don't examine the form and determine whether or not the claim is true that they can't if if I'm if I'm putting on a form that I know how to write HTML they can't test me and my coding skills but they can.
[2025-03-24T15:46:22.172Z]	<Transcriber>	Dmitri_Zagidulin: Up my passport or driver's license my government identification whatever I got going for it and at least verify the identity and verify the act that I was there in person with them on such and such a date and sign this document.
[2025-03-24T15:46:25.160Z]	<Transcriber>	Dmitri_Zagidulin: And that's the that's the pattern where.
[2025-03-24T15:46:25.465Z]	<Transcriber>	Dmitri_Zagidulin:  we're exploring.
[2025-03-24T15:46:41.741Z]	<Transcriber>	Dmitri_Zagidulin: Pursuing in in these prototypes so to summarize uh selfishly credentials super important especially as the verified credential ecosystem is uh doing bootstrapped because not everything is going to happen institutional.
[2025-03-24T15:46:51.499Z]	<Transcriber>	Dmitri_Zagidulin: Institutionally issued credentials in fact the vast majority of things in fact about history is not going to be institutionally uh.
[2025-03-24T15:47:00.147Z]	<Don_Presant,_Learning_Agents,_Canada>	Nerdy Q: "Was I observed producing this evideence?"
[2025-03-24T15:47:05.982Z]	<Transcriber>	Dmitri_Zagidulin: Additional issued so we need we need a solution for these vast use cases uh that that that aren't covered by uh traditional issues.
[2025-03-24T15:47:16.534Z]	<Transcriber>	Dmitri_Zagidulin: Important use case what do we need for it uh we need to figure out how to do identity and this notion of issue registries.
[2025-03-24T15:47:16.753Z]	<Transcriber>	Dmitri_Zagidulin:  we need.
[2025-03-24T15:47:20.056Z]	<PL>	Notaries aren't subject matter experts - but they are experts in determining identity, and in formal documents that they have they characteristics of validity (bank statements, ultility bills, etc. are such artifacts)
[2025-03-24T15:47:26.543Z]	<Transcriber>	Dmitri_Zagidulin: Need to emphasize evidence and we need to emphasize um endorsements recommendations and uh.
[2025-03-24T15:47:34.475Z]	<Transcriber>	Dmitri_Zagidulin: Dear feedback all right so that was a lot of talking apologies this is super interesting topic.
[2025-03-24T15:47:36.116Z]	<Don_Presant,_Learning_Agents,_Canada>	Love to explore this further at epic.openrecognition.org
[2025-03-24T15:47:39.291Z]	<Transcriber>	Dmitri_Zagidulin: Let's let's go to the key let's see who else is uh Q.
[2025-03-24T15:47:42.090Z]	<Transcriber>	Dmitri_Zagidulin: Please of course.
[2025-03-24T15:48:00.439Z]	<Transcriber>	Sharon_Leu: Um okay so that was really great and I'm glad we got to talk about that and also I appreciated your question about who's asking for Registries and um I think that um when you do the the registry 101 it'll be really really good for people to think about this because actually um.
[2025-03-24T15:48:40.071Z]	<Transcriber>	Sharon_Leu: The observation that we have is that like No 1 will say oh yes like we must okay only certain people will say we must have an issue or registry and you're right that those are the technology developers I think it's stakeholders who um need to understand trust will ask for um what amounts to be a registry um without saying those 2 words trust registry does that make sense like um I think that people are deeply appreciative of what a trust registry gets you functionally um without having said those 2 words um.
[2025-03-24T15:49:16.866Z]	<Transcriber>	Sharon_Leu: I think that there are many examples um I myself in the former um in the former employee of an organization that um no longer exists slash soon will no longer exist and like if I need to Pro produce evidence that I once was an employee of said Organization for example like the the like very real world implications are things that people deeply understand I will say that something that um so I'll tease this uh it's not quite ready yet but in this sort of like.
[2025-03-24T15:49:27.253Z]	<Transcriber>	Sharon_Leu: Things in addition to like Registries the ability to like endorse in self- issue did see from a number of different um.
[2025-03-24T15:49:29.533Z]	<PL>	They greater the risk associated with accepting a credential the more open people will  be open to a seek trust registries.
[2025-03-24T15:50:08.678Z]	<Transcriber>	Sharon_Leu: Solutions providers is um especially if they're not natively um in education or Workforce company breaking in to the education space can be difficult and 1 of the reasons it's difficult is because of the variety of financial types that could potentially exist um and so 1 of the ideas that we have for a new work item at the ccg is a directory um of credential data models um so you can imagine all the different data types that we would want for their to be interrupts to be interoperable across the ecosystem like not only like an employee ID or you know employment verification but student ID um.
[2025-03-24T15:50:08.943Z]	<PL>	... open to seek out trust registries ...
[2025-03-24T15:50:45.565Z]	<Transcriber>	Sharon_Leu: There's a ton of work on transcripts obviously um but you know just even other of the different credential types um it would be useful for I think I think that it would be useful for people who are trying to understand how digital credentials work within the education space to have that as well as to align within our existing education ecosystem but that's sort of like just a hypothesis that a few of us have um would be really curious if others in this group agree or or like have other suggestions.
[2025-03-24T15:50:49.018Z]	<Nate_Otto>	https://www.w3.org/TR/vc-extensions/#credential-schema Credential Type/Schema Registry is this what you're suggesting?
[2025-03-24T15:51:09.452Z]	<Transcriber>	Dmitri_Zagidulin: Thank you so much uh Sharon that's that's fantastic any other questions and and I by the way I completely agree with you that a uh directory of examples is going to be super important to developers and other stakeholders to see what the state of the art is.
[2025-03-24T15:51:12.532Z]	<Nate_Otto>	q+
[2025-03-24T15:51:19.593Z]	<Transcriber>	Dmitri_Zagidulin: And I think uh Nate Otto posted a link on go ahead Nate you're on um.
[2025-03-24T15:51:38.231Z]	<Transcriber>	Nate_Otto: Oh yeah yeah just uh to mention on that link there is a uh VC uh credential extensions directory which lists specifications um that Define credential types and there's not very many of them so far I was surprised that really there's been a slow start to the community or formalizing various different um.
[2025-03-24T15:52:10.318Z]	<Transcriber>	Nate_Otto: Schemas for different uh purposes for credentials but I think that we we are starting to see some more popping up and they just haven't yet been added to this uh directory here um and I just got on the cutest A+ 1 plus a thousand to what Sharon said about how users will ask for trust Registries is what they want is the capability to understand that the issuer identity information that's being presented to them is authentic and matches some kind of real world institution users don't necessarily.
[2025-03-24T15:52:27.206Z]	<Transcriber>	Nate_Otto: Know how that capability is going to be provided they just want that check mark on the uh credential like it exists on um you know like say services like social media websites that offer verification and I think over time the.
[2025-03-24T15:53:27.840Z]	<Transcriber>	Nate_Otto: Public understanding the consumer level understanding of the capabilities of that trust Mark will grow like for example just watching the drama over the Twitter blue check over years for somehow I got into the my algorithms thought that I wanted to read a lot of articles about the blue check mark which I totally did it was relevant to my interests I guess I clicked on them a few times and so it was really interesting to see that journalists had a pretty robust understanding of how that check mark was provisioned the various different policies under girding it and um we could have a really broad public conversation about the various fine grained texture elements of the Twitter verification ecosystem even though that was only 1 company providing 1 very binary check mark and within the open badges space we are going to have and broader VCU space.
[2025-03-24T15:53:42.711Z]	<Transcriber>	Nate_Otto: We're going to have a bunch of different issuers we have a bunch of different Registries and hopefully we can be delivering good enough value that the users can start depending on it and learning really about like what.
[2025-03-24T15:53:51.668Z]	<Transcriber>	Nate_Otto: Is the services that backs up that value whose trust is it that is being um remarked on when we're looking at a verification record of a credential.
[2025-03-24T15:54:01.399Z]	<Transcriber>	Dmitri_Zagidulin: Someone else questions comments.
[2025-03-24T15:54:01.705Z]	<Dmitri_Zagidulin>	q?
[2025-03-24T15:54:05.319Z]	<PL>	q+
[2025-03-24T15:54:05.604Z]	<Dmitri_Zagidulin>	ack
[2025-03-24T15:54:10.682Z]	<Transcriber>	Dmitri_Zagidulin: Uh go ahead Phil.
[2025-03-24T15:54:15.044Z]	<Dmitri_Zagidulin>	ack nate
[2025-03-24T15:54:18.174Z]	<Dmitri_Zagidulin>	ack pl
[2025-03-24T15:55:09.686Z]	<Transcriber>	PL: Yeah I just wanted to elaborate a little bit on the I think the important discussion that we just had on on the use and value of recommendations and point out that 1 of the things I think that's going to emerge as an interesting question is those kinds of recommendation uh graphs if you will that are public um versus those that are done in a manner that retains um some degree of privacy in the form of a kyc excuse me a form of a a zkp approach where there is a evidence of a recommendation but they only the only information exchanged is that this recommendation has been offered from some uh some anonymous source or some protected Source in the in the Privacy sense um because it is that's actually 1 of The Elements that's been built into the a uh Ira um.
[2025-03-24T15:55:41.519Z]	<Transcriber>	PL: First-person trust credentials that um Drummond and Company have been uh advocating recently and I think it's an important question for us to consider as to how public we want and and what circumstances we want these recommendations changed to be totally public versus um um protected in a way that conveys some degree of consistent um endorsement without necessarily disclosing more than needs to be disclosed in that process thanks.
[2025-03-24T15:55:48.319Z]	<Transcriber>	Dmitri_Zagidulin: All right um we are near the top of the hour.
[2025-03-24T15:56:01.857Z]	<Sharon_Leu>	Thank you for having me and for all the people who helped!
[2025-03-24T15:56:03.403Z]	<Transcriber>	Dmitri_Zagidulin: So here's a good place to wrap up Sharon thank you again for talking about the market scan uh really look forward to reading it uh if you want to share how people can get in touch with you if you have questions.
[2025-03-24T15:56:06.549Z]	<Sharon_Leu>	jff.org/digitalwallets
[2025-03-24T15:56:13.973Z]	<Sharon_Leu>	sleu@jff.org
[2025-03-24T15:56:15.931Z]	<Transcriber>	Dmitri_Zagidulin: All right yeah so we've got jff.org digital wallets for more information.
[2025-03-24T15:56:20.308Z]	<Transcriber>	Dmitri_Zagidulin: And and we've got uh Sharon's email address in chat.
[2025-03-24T15:56:30.619Z]	<Transcriber>	Dmitri_Zagidulin: All right that'll be all for this week thanks again Sharon thanks everyone uh talk to you all next week cheers.
