[2020-02-10T16:05:20.612Z]	<kimhd>	present+
[2020-02-10T16:06:11.256Z]	<kimhd>	Agenda: https://lists.w3.org/Archives/Public/public-credentials/2020Feb/0013.html
[2020-02-10T16:06:33.103Z]	<tzviya>	present+ Tzviya_Siegman
[2020-02-10T16:06:44.946Z]	<dmitriz>	present+
[2020-02-10T16:08:25.766Z]	<dmitriz>	kimhd — I have did:web related slides, if time permits.
[2020-02-10T16:08:33.502Z]	<jameschartrand>	present+
[2020-02-10T16:08:55.995Z]	<KerriLemoie>	present+
[2020-02-10T16:09:03.943Z]	<dmitriz>	https://docs.google.com/presentation/d/1wWI2qeQfgOgFdDp5Adt9hwHxVTt-ctG9naBEpNjOSTo
[2020-02-10T16:09:49.467Z]	<kimhd>	https://www.w3.org/community/about/agreements/cla/
[2020-02-10T16:09:53.304Z]	<stuart>	present+
[2020-02-10T16:09:56.314Z]	<mattlisle>	present+
[2020-02-10T16:09:59.866Z]	<kimhd>	https://www.w3.org/accounts/request
[2020-02-10T16:10:07.623Z]	<kimhd>	https://www.w3.org/community/credentials/join
[2020-02-10T16:10:10.481Z]	<SRPattison>	present+
[2020-02-10T16:10:44.923Z]	<kimhd>	https://w3c-ccg.github.io/meetings/
[2020-02-10T16:11:24.041Z]	<DavidC>	present+ David_Chadwick
[2020-02-10T16:11:32.390Z]	<juancaballero>	present+
[2020-02-10T16:15:53.564Z]	<juancaballero>	if there's an alias that's hard to spell or remember, you can type 2 or 3 letters and hit tab
[2020-02-10T16:16:11.692Z]	<juancaballero>	it'll even put the colon after it for you.  try it!
[2020-02-10T16:17:27.954Z]	<juancaballero>	i think safari doesn't show that panel
[2020-02-10T16:17:40.847Z]	<juancaballero>	by default

[2020-02-10T16:17:46.742Z]	<juancaballero>	names
[2020-02-10T16:18:15.000Z]	<kimhd>	Scribe: jameschartrand
[2020-02-10T16:18:15.082Z]	<kimhd>	Topic: Introductions and Re-introductions
[2020-02-10T16:19:03.262Z]	<DavidC>	q+
[2020-02-10T16:19:26.790Z]	<jameschartrand>	davidm: Work for Government of Canada
[2020-02-10T16:19:32.390Z]	<juancaballero>	David Mason! we met at IIW, glad to cross paths again
[2020-02-10T16:19:43.193Z]	<kimhd>	ack DavidC
[2020-02-10T16:19:52.330Z]	<jameschartrand>	DavidC: introduces himself, member of VC working group
[2020-02-10T16:19:54.532Z]	<kimhd>	DavidC is David Chadwick
[2020-02-10T16:20:05.655Z]	<jameschartrand>	DavidC: implementation ready.  back to participating in group
[2020-02-10T16:20:15.527Z]	<KerriLemoie>	q+
[2020-02-10T16:20:26.641Z]	<kimhd>	ack KerriLemoie
[2020-02-10T16:20:44.685Z]	<jameschartrand>	KerriLemoie:  works with OpenBadges, technology researcher
[2020-02-10T16:21:31.347Z]	<kimhd>	Topic: Survey of emerging standards
[2020-02-10T16:22:20.294Z]	<jameschartrand>	kimhd: will be working on draft of data standards, e.g., openbadges as VC, work with credential engine registry, taxonomies
[2020-02-10T16:22:52.281Z]	<jameschartrand>	kimhd: start with emerging standards, today some from credentials community group
[2020-02-10T16:22:58.236Z]	<kimhd>	https://docs.google.com/presentation/d/1izgO1ln5MgYOLlSCpTiWAvFXHEtidZudpD2C-ztCMx4/edit?usp=sharing
[2020-02-10T16:23:56.881Z]	<jameschartrand>	kimhd: also talk about future work from DID group.  would like to incorporate european work
[2020-02-10T16:24:22.883Z]	<jameschartrand>	kimhd: first of series talking about emerging standards.
[2020-02-10T16:24:44.143Z]	<jameschartrand>	kimhd: will talk about credential apis.
[2020-02-10T16:25:07.422Z]	<jameschartrand>	kimhd:  will help to share notes about related efforts
[2020-02-10T16:25:30.162Z]	<jameschartrand>	kimhd: Greg Nadeau could talk about broward
[2020-02-10T16:25:45.023Z]	<jameschartrand>	want to hear about european work.
[2020-02-10T16:26:15.043Z]	<jameschartrand>	kimhd: start with slide 3
[2020-02-10T16:26:24.322Z]	<chriswinc>	present+
[2020-02-10T16:26:51.022Z]	<jameschartrand>	kimhd: DID:  uri from which DID doc can be retrieved
[2020-02-10T16:27:50.015Z]	<jameschartrand>	kimhd: explaining DID identifier and what it looks like
[2020-02-10T16:28:22.107Z]	<jameschartrand>	kimhd: DID string can be resolved to verify key ownership
[2020-02-10T16:29:07.083Z]	<jameschartrand>	kimhd: like issuer id in openbadges, or email for subject
[2020-02-10T16:29:21.293Z]	<jameschartrand>	kimhd:  OpenBadges 2.1 will support DIDs
[2020-02-10T16:29:33.551Z]	<jameschartrand>	kimhd: go to slide 4
[2020-02-10T16:30:19.646Z]	<jameschartrand>	kimhd: did:web uses domain name for verification
[2020-02-10T16:30:38.303Z]	<kimhd>	did:web slides: https://docs.google.com/presentation/d/1wWI2qeQfgOgFdDp5Adt9hwHxVTt-ctG9naBEpNjOSTo
[2020-02-10T16:31:07.843Z]	<jameschartrand>	dimitriz: author of did:web
[2020-02-10T16:31:42.813Z]	<jameschartrand>	dimitriz: motivation for did:method, context, where it fits in, challenges
[2020-02-10T16:32:09.426Z]	<jameschartrand>	dimitiz: DIDs uniquely identify issuer and the entity being issued to
[2020-02-10T16:32:25.897Z]	<kimhd>	slide 4 is super helpful
[2020-02-10T16:32:29.967Z]	<jameschartrand>	dimitriz: helps disambiguate
[2020-02-10T16:32:49.146Z]	<jameschartrand>	dmitriz: did can be reused
[2020-02-10T16:32:56.545Z]	<jameschartrand>	dmitriz: go to slide 5
[2020-02-10T16:33:06.048Z]	<kimhd>	James: during the slides, feel free to be very brief in scribing. The slide link is part of the minutes
[2020-02-10T16:33:55.126Z]	<jameschartrand>	dmitriz: govs don't want to be responsible for managing identities
[2020-02-10T16:34:41.265Z]	<jameschartrand>	dmitriz: explains slide 6
[2020-02-10T16:35:18.981Z]	<jameschartrand>	dmitriz: identifiers should be reusable across contexts
[2020-02-10T16:35:43.009Z]	<jameschartrand>	dmitriz: identifiers should provide info about entity
[2020-02-10T16:36:37.013Z]	<jameschartrand>	dmitriz: skip to slide 16
[2020-02-10T16:37:09.627Z]	<jameschartrand>	dmitriz: some dids are ephemeral
[2020-02-10T16:37:30.093Z]	<jameschartrand>	dmitriz: explains different implementations of dids
[2020-02-10T16:38:18.582Z]	<jameschartrand>	dmitriz: blockchain based: coin based, non-coin based, ledgers internal like hyperledger
[2020-02-10T16:38:40.042Z]	<jameschartrand>	dmitriz: jump to slide 19
[2020-02-10T16:38:59.931Z]	<jameschartrand>	dmitriz: key management and building wallets is hard
[2020-02-10T16:39:15.928Z]	<jameschartrand>	dmitriz: same problems with all dids, how to manage private keys
[2020-02-10T16:41:31.944Z]	<jameschartrand>	dmitriz: problem with DIDs, how do we know issuer key belongs to issuer
[2020-02-10T16:42:03.882Z]	<jameschartrand>	dmitriz: go to slide 20
[2020-02-10T16:42:35.168Z]	<jameschartrand>	dmitriz: trying to solve problem of trust anchors
[2020-02-10T16:43:05.992Z]	<jameschartrand>	dmitriz: so why not reuse infrastructure around domain names
[2020-02-10T16:43:57.782Z]	<jameschartrand>	dmitriz: slide 21
[2020-02-10T16:44:34.098Z]	<jameschartrand>	dmitriz: stick did:web in front of url and you get a did
[2020-02-10T16:44:46.922Z]	<jameschartrand>	dmitriz: did document you get back is same as any other
[2020-02-10T16:45:36.330Z]	<chriswinc>	q+
[2020-02-10T16:45:37.389Z]	<jameschartrand>	dmitriz: explains how to bind did to domain
[2020-02-10T16:45:49.317Z]	<jameschartrand>	dmitriz: slide 23 - benefits of did:web
[2020-02-10T16:46:00.728Z]	<durgaprasad814>	q+
[2020-02-10T16:46:58.130Z]	<jameschartrand>	dmitriz: did:web provides bridge step until dids solidify
[2020-02-10T16:47:51.372Z]	<kimhd>	q+
[2020-02-10T16:48:21.048Z]	<tzviya>	q+ to ask about reputation and credibility
[2020-02-10T16:48:24.285Z]	<jameschartrand>	dmitriz: how do we protect integrity - blockchain provides some
[2020-02-10T16:48:43.528Z]	<jameschartrand>	dmitriz: how do we make sure document doesn't change
[2020-02-10T16:49:00.070Z]	<jameschartrand>	dmitriz:hashlinks can lock down contents of did document so it can't be changed
[2020-02-10T16:49:33.724Z]	<jameschartrand>	dmitriz:hashlinks also allows specifying backup links
[2020-02-10T16:51:22.142Z]	<jameschartrand>	dmitriz: certificate authorities can get hijacked - ca transparency can help - fairly robust
[2020-02-10T16:51:32.231Z]	<jameschartrand>	dmitriz: ledger solutions will look like ca transparency
[2020-02-10T16:51:38.677Z]	<kimhd>	some certificate transparency references: https://en.wikipedia.org/wiki/Certificate_Transparency
[2020-02-10T16:51:49.149Z]	<kimhd>	https://www.certificate-transparency.org/
[2020-02-10T16:52:53.790Z]	<jameschartrand>	dmitriz: did:web with hashlinks - how to add key, revoke or rotate - breaks hashlink - confident of solution because precedents like keybase
[2020-02-10T16:53:12.750Z]	<juancaballero>	keybase.io
[2020-02-10T16:53:45.317Z]	<juancaballero>	ipfs and ipld
[2020-02-10T16:53:46.141Z]	<juancaballero>	KERI
[2020-02-10T16:53:52.286Z]	<juancaballero>	you mean?
[2020-02-10T16:54:00.361Z]	<kimhd>	KERI yes
[2020-02-10T16:54:09.634Z]	<juancaballero>	or the SCIDs piece?
[2020-02-10T16:54:23.622Z]	<juancaballero>	(two different way of certifying through rotation :D)
[2020-02-10T16:54:45.492Z]	<juancaballero>	(both by sam smith - hard day to be the scribe!)
[2020-02-10T16:54:46.364Z]	<kimhd>	good point. Here's a link to KERI info: https://github.com/WebOfTrustInfo/rwot9-prague/blob/master/topics-and-advance-readings/KERI-Universal-DKMI.md
[2020-02-10T16:55:16.487Z]	<jameschartrand>	dmitriz: did working group is working on ability to reuse service enpoints to chain dids
[2020-02-10T16:55:54.026Z]	<jameschartrand>	kimhd: push credential issuer discussion to next week
[2020-02-10T16:55:57.074Z]	<kimhd>	ack chriswinc
[2020-02-10T16:56:03.146Z]	<tzviya>	q?
[2020-02-10T16:56:37.062Z]	<jameschartrand>	chriswinc: slide 21,22 - is key material separate from domain structure?
[2020-02-10T16:57:03.623Z]	<kimhd>	Scribe: jameschartrand
[2020-02-10T16:57:13.831Z]	<jameschartrand>	dmitriz: could reuse public key in ca, but don't have to
[2020-02-10T16:57:40.391Z]	<durgaprasad814>	durgaprasad814 call me Durga
[2020-02-10T16:57:50.000Z]	<durgaprasad814>	present+
[2020-02-10T16:58:01.392Z]	<durgaprasad814>	https://docs.opencerts.io/dns_verification.html
[2020-02-10T16:58:08.775Z]	<KerriLemoie>	q+
[2020-02-10T16:58:10.745Z]	<kimhd>	ack durgaprasad814
[2020-02-10T16:58:15.091Z]	<kimhd>	q-
[2020-02-10T16:58:51.608Z]	<jameschartrand>	durgaprasad814: using openattestation - similar to did:web?
[2020-02-10T16:59:03.826Z]	<tzviya>	q-
[2020-02-10T16:59:48.463Z]	<jameschartrand>	durgaprasad814: explains how text field of dns record is used
[2020-02-10T17:00:23.548Z]	<jameschartrand>	durgaprasad814: how do we deal with lesser known domains?
[2020-02-10T17:00:44.843Z]	<tzviya>	q+
[2020-02-10T17:00:52.282Z]	<jameschartrand>	dimitriz:  answer: partner with better known institution
[2020-02-10T17:01:09.853Z]	<kimhd>	ack KerriLemoie
[2020-02-10T17:01:27.977Z]	<jameschartrand>	KerriLemoie:  what happens if domain changes hands
[2020-02-10T17:02:05.222Z]	<juancaballero>	or if all .org TLD management changes hands :_(
[2020-02-10T17:02:33.353Z]	<jameschartrand>	dimitriz: hashlinks prevent changes to past dids with hashlinks
[2020-02-10T17:03:04.281Z]	<jameschartrand>	dimitriz:  but is a problem in general - cert transparency may help
[2020-02-10T17:03:28.050Z]	<kimhd>	ack tzviya
[2020-02-10T17:03:30.992Z]	<tzviya>	https://credweb.org/
[2020-02-10T17:04:11.236Z]	<jameschartrand>	tzviya: mentions credible web - considering using VC.  and are talking about domain names changing hands
[2020-02-10T17:04:47.722Z]	<jameschartrand>	tzviya: credweb is addressing question of what is a credible web site
[2020-02-10T17:05:19.846Z]	<dmitriz>	https://www.w3.org/community/credibility/
[2020-02-10T17:05:27.775Z]	<jameschartrand>	kimhd: thanks dmitri
[2020-02-10T17:05:51.289Z]	<dmitriz>	(thank you tzviya, I definitely think the CCG should collaborate with the Credible Web CG
