Thanks to  for scribing this week! The minutes
for this week's CCG Verifiable Credentials for Education Task Force telecon are now available:

https://w3c-ccg.github.io/meetings/2021-02-22-vc-education 

Full text of the discussion follows for W3C archival purposes.
Audio from the meeting is available as well (link provided below).

----------------------------------------------------------------
CCG Verifiable Credentials for Education Task Force Telecon Minutes for 2021-02-22

Agenda:
  https://lists.w3.org/Archives/Public/public-credentials/2021Feb/0085.html
Topics:
  1. Introductions & Reintroductions
  2. Announcements & Reminders
  3. Use Cases Checkin
  4. Milestone 1 (High level concepts) Checkin
  5. Milestone 2 (Issuer) Checkin
  6. Kick off Milestone 3 (subject)
Organizer:
  Heather Vescent and Kim Hamilton Duffy and Wayne Chang
Scribe:
  
Present:
  Kim Hamilton Duffy, Adam Lemmon, Nate Otto, Phil Long, Brent 
  Shambaugh, Dmitri Zagidulin, Jim Goodell, John Gasper, Jeff 
  McCullough, Jim Kelly, Keith Kowal, Juan Caballero, Kerri Lemoie, 
  Marty Reed, Simone Ravaoli, Matt Lisle, James Chartrand, Stuart 
  Freeman, Phil_Barker, Timothy Ruff, Stuart Sutton, Taylor 
  Kendall, David Ward, Jarlath O'Carroll, Nick Hathaway, Kaliya 
  Young, Ozgur Yogurtcu, Franki Schafrik
Audio:
  https://w3c-ccg.github.io/meetings/2021-02-22/audio.ogg

<kimhd> TL;DR Milestone 2 (Issuer) Discussion

Topic: Introductions & Reintroductions

<kimhd> Introduced Kaliya Young, Ozgur Yogurtzu, Franki Schafrik

Topic: Announcements & Reminders

Kim Hamilton Duffy: IMS Global Conference: 
  https://web.cvent.com/event/d7e9d56a-0d6c-4f6d-89d9-a353430eca8e/summary
Kim Hamilton Duffy: IIW - 
  https://www.eventbrite.com/e/internet-identity-workshop-iiwxxxii-32-2021a-tickets-131551119941?aff=ebdssbonlinesearch

Topic: Use Cases Checkin

Kim Hamilton Duffy: Reviewed new use case: 
  https://github.com/w3c-ccg/vc-ed-use-cases/issues/6
<kimhd> Goal for everyone submit >1 use case

Topic: Milestone 1 (High level concepts) Checkin

Kim Hamilton Duffy: 
  https://github.com/w3c-ccg/vc-ed-models/issues/28#issuecomment-777541120

Topic: Milestone 2 (Issuer) Checkin

Kim Hamilton Duffy: Structural options:  
  https://docs.google.com/document/d/1rT_yjC28S32uPGlIhs_HIBdT7kyepSQ8i-8LU1wx1dA/view
<kimhd> Discussed metadata of issuer
Kim Hamilton Duffy: Reviewed comments in issue:  
  https://github.com/w3c-ccg/vc-ed-models/issues/32

Topic: Kick off Milestone 3 (subject)

