Thanks to  for scribing this week! The minutes
for this week's CCG Verifiable Credentials for Education Task Force telecon are now available:

https://w3c-ccg.github.io/meetings/2021-02-01-vc-education 

Full text of the discussion follows for W3C archival purposes.
Audio from the meeting is available as well (link provided below).

----------------------------------------------------------------
CCG Verifiable Credentials for Education Task Force Telecon Minutes for 2021-02-01

Agenda:
  https://lists.w3.org/Archives/Public/public-credentials/2021Feb/0013.html
Topics:
  1. Introductions and Re-Introductions
  2. Announcements
  3. Use Case Review
  4. Milestone 1 Review
Action Items:
  1. Update use case template to request reasons for labels
  2. Clarify that not all fields are required (list what you can)
  3. Jim Goodell to work with Kim on CEDS definitions
Organizer:
  Kim Hamilton Duffy and Wayne Chang and Heather Vescent
Scribe:
  
Present:
  Kim Hamilton Duffy, Adam Lemmon, David Ward, Jim Kelly, Maarten 
  Boender, Niaz Chowdhury, Robbie Jones, James Chartrand, Stuart 
  Freeman, Simone Ravaoli, Kerri Lemoie, Jacksohne, Matt Lisle, 
  Keith Kowal, Juan Caballero, Jerry Ma, Victoria Feng, Anthony 
  Camilleri, Phil Long, Timothy Ruff, Stuart Sutton, Geun Hyung, 
  John Gasper, Jeff McCullough
Audio:
  https://w3c-ccg.github.io/meetings/2021-02-01/audio.ogg


Topic: Introductions and Re-Introductions

<kimhd> Introduced Geun-Hyung Kim, Jeff McCullough, and John 
  Gasper

Topic: Announcements

Kim Hamilton Duffy: Send link to Kerri's VC-EDU use case google 
  form: https://forms.gle/pHQSG7vft9zvLioS7

Topic: Use Case Review

Kim Hamilton Duffy: Reviewed submitted use cases: 
  https://github.com/w3c-ccg/vc-ed-use-cases/issues

ACTION: Update use case template to request reasons for labels


ACTION: Clarify that not all fields are required (list what you 
  can)

Topic: Milestone 1 Review

Kim Hamilton Duffy: Reviewed Kerri's PR: 
  https://github.com/w3c-ccg/vc-ed-models/pull/29
Kim Hamilton Duffy: Reviewed comments on milestone 1 issue: 
  https://github.com/w3c-ccg/vc-ed-models/issues/28

ACTION: Jim Goodell to work with Kim on CEDS definitions

Kim Hamilton Duffy: Nate provided link to OSN use cases: 
  https://docs.google.com/document/d/1VmkJ6hXce87Gco2SgXLOvCex4L6PjrwRD1jL8kahTy8/edit#
