[2021-10-26T15:58:18.316Z]	<Heather_Vescent>	present+
[2021-10-26T16:00:23.137Z]	<bobwyman>	present+
[2021-10-26T16:01:13.371Z]	<mprorock>	present+
[2021-10-26T16:01:47.589Z]	<Nick_Meyne>	present+
[2021-10-26T16:02:19.627Z]	<TallTed_//_Ted_Thibodeau_(he/him)_(OpenLinkSw.com)>	present+
[2021-10-26T16:02:24.411Z]	<bmay>	present+
[2021-10-26T16:02:49.952Z]	<Leo>	present+
[2021-10-26T16:03:11.051Z]	<TallTed>	semi-present ... VCWG is running straight through CCG
[2021-10-26T16:05:20.223Z]	<Heather_Vescent>	Topic: TPAC Presentation
[2021-10-26T16:05:20.265Z]	<Heather_Vescent>	Presentation: https://docs.google.com/presentation/d/1t-y6SWvhlwIfFOPPH9F2LJzGBXq9P96v/edit#slide=id.p1
[2021-10-26T16:06:00.924Z]	<JeffO-StL>	present+
[2021-10-26T16:06:42.745Z]	<Charles_E._Lehner>	present+
[2021-10-26T16:07:01.728Z]	<David_Lehn>	present+
[2021-10-26T16:07:21.584Z]	<Tomislav_Markovski>	present+
[2021-10-26T16:10:05.519Z]	<FN48204e18d603f10ee01cf1b7de982046>	present+
[2021-10-26T16:11:22.832Z]	<Jeff>	present+
[2021-10-26T16:11:40.799Z]	<identitywoman>	present+
[2021-10-26T16:12:09.009Z]	<Sarven_Capadisli_<https://csarven.ca/#i>>	present+
[2021-10-26T16:14:23.057Z]	<Kayode_Ezike>	present+
[2021-10-26T16:15:18.515Z]	<Kazuhiro_Hoya_-_JBA>	present+
[2021-10-26T16:15:53.577Z]	<mprorock>	Access updated on preso - link if you need it https://docs.google.com/presentation/d/1t-y6SWvhlwIfFOPPH9F2LJzGBXq9P96v/edit?usp=sharing&ouid=112194231216851263775&rtpof=true&sd=true
[2021-10-26T16:16:51.196Z]	<alejandroalffer>	present+
[2021-10-26T16:19:01.310Z]	<mprorock>	"less technical"
[2021-10-26T16:27:22.437Z]	<Sergey_T>	present+
[2021-10-26T16:44:52.443Z]	<bobwyman>	q+
[2021-10-26T16:45:05.040Z]	<Heather_Vescent>	ack bobwyman
[2021-10-26T16:46:44.040Z]	<mprorock>	https://www.w3.org/TR/did-spec-registries/
[2021-10-26T16:47:36.233Z]	<Nick_Meyne>	q+
[2021-10-26T16:47:55.347Z]	<mprorock>	ack Nick
[2021-10-26T16:50:16.247Z]	<Heather_Vescent>	q+
[2021-10-26T16:51:08.777Z]	<mprorock>	Ack Heather
[2021-10-26T16:51:13.940Z]	<mprorock>	ack Heather
[2021-10-26T16:51:15.455Z]	<Charles_E._Lehner>	present+
[2021-10-26T16:52:54.212Z]	<TallTed_//_Ted_Thibodeau_(he/him)_(OpenLinkSw.com)>	present+
[2021-10-26T16:53:31.770Z]	<mprorock>	https://coopcreds.com/what-we-are-doing/
[2021-10-26T16:54:39.043Z]	<cel>	q+ to mention VCWG call
[2021-10-26T16:55:36.862Z]	<bobwyman>	q+
[2021-10-26T16:55:55.671Z]	<mprorock>	ack cel
[2021-10-26T16:55:58.404Z]	<cel>	Minutes of today's VCWG call @ TPAC https://www.w3.org/2021/10/26-vcwg-minutes.html
[2021-10-26T16:57:11.040Z]	<mprorock>	ack bob
[2021-10-26T16:57:37.042Z]	<cel>	https://github.com/w3c/vc-wg-charter VCWG re-charter draft
[2021-10-26T16:57:48.770Z]	<mprorock>	+1 cel
